try to connect
run spark
+-----+------+-------+--------------------+-----+--------+
|   Id|UserId|   Name|                Date|Class|TagBased|
+-----+------+-------+--------------------+-----+--------+
|82946|  3718|Teacher|2008-09-15 08:55:...|    3|   false|
|82947|   994|Teacher|2008-09-15 08:55:...|    3|   false|
|82949|  3893|Teacher|2008-09-15 08:55:...|    3|   false|
|82950|  4591|Teacher|2008-09-15 08:55:...|    3|   false|
|82951|  5196|Teacher|2008-09-15 08:55:...|    3|   false|
|82952|  2635|Teacher|2008-09-15 08:55:...|    3|   false|
|82953|  1113|Teacher|2008-09-15 08:55:...|    3|   false|
|82954|  4182|Teacher|2008-09-15 08:55:...|    3|   false|
|82955|   164|Teacher|2008-09-15 08:55:...|    3|   false|
|82956|   652|Teacher|2008-09-15 08:55:...|    3|   false|
|82957|  5246|Teacher|2008-09-15 08:55:...|    3|   false|
|82958|   509|Teacher|2008-09-15 08:55:...|    3|   false|
|82959|   670|Teacher|2008-09-15 08:55:...|    3|   false|
|82960|  5024|Teacher|2008-09-15 08:55:...|    3|   false|
|82961|  1284|Teacher|2008-09-15 08:55:...|    3|   false|
|82962|  2907|Teacher|2008-09-15 08:55:...|    3|   false|
|82963|  4097|Teacher|2008-09-15 08:55:...|    3|   false|
|82964|  3205|Teacher|2008-09-15 08:55:...|    3|   false|
|82965|   986|Teacher|2008-09-15 08:55:...|    3|   false|
|82966|  4666|Teacher|2008-09-15 08:55:...|    3|   false|
+-----+------+-------+--------------------+-----+--------+
only showing top 20 rows

Traceback (most recent call last):
  File "/home/ubuntu/Stack-Community/src/ETLPipeline/s3_xml_spark_process/main.py", line 25, in <module>
    main()
  File "/home/ubuntu/Stack-Community/src/ETLPipeline/s3_xml_spark_process/main.py", line 17, in main
    writeToJDBC(df,"badges",spark)
  File "/home/ubuntu/Stack-Community/src/ETLPipeline/s3_xml_spark_process/dataModel.py", line 58, in writeToJDBC
    StructField("MULTIPLIER", FloatType(), True),
NameError: name 'StructField' is not defined
